c:\users\matthew\desktop\it366\gummyships2\gummyships2\audio.obj
c:\users\matthew\desktop\it366\gummyships2\gummyships2\body.obj
c:\users\matthew\desktop\it366\gummyships2\gummyships2\collisions.obj
c:\users\matthew\desktop\it366\gummyships2\gummyships2\entity.obj
c:\users\matthew\desktop\it366\gummyships2\gummyships2\gametest3d.obj
c:\users\matthew\desktop\it366\gummyships2\gummyships2\graphics3d.obj
c:\users\matthew\desktop\it366\gummyships2\gummyships2\level.obj
c:\users\matthew\desktop\it366\gummyships2\gummyships2\mgl_callback.obj
c:\users\matthew\desktop\it366\gummyships2\gummyships2\model.obj
c:\users\matthew\desktop\it366\gummyships2\gummyships2\obj.obj
c:\users\matthew\desktop\it366\gummyships2\gummyships2\shader.obj
c:\users\matthew\desktop\it366\gummyships2\gummyships2\simple_logger.obj
c:\users\matthew\desktop\it366\gummyships2\gummyships2\sprite.obj
c:\users\matthew\desktop\it366\gummyships2\gummyships2\text.obj
c:\users\matthew\desktop\it366\gummyships2\gummyships2\vector.obj
c:\users\matthew\desktop\it366\gummyships2\gummyships2\vc100.pdb
c:\users\matthew\desktop\it366\gummyships2\gummyships2.ilk
c:\users\matthew\desktop\it366\gummyships2\gummyships2.exe
c:\users\matthew\desktop\it366\gummyships2\gummyships2\gummyships2.exe.intermediate.manifest
c:\users\matthew\desktop\it366\gummyships2\gummyships2.pdb
c:\users\matthew\desktop\it366\gummyships2\gummyships2\cl.command.1.tlog
c:\users\matthew\desktop\it366\gummyships2\gummyships2\cl.read.1.tlog
c:\users\matthew\desktop\it366\gummyships2\gummyships2\cl.write.1.tlog
c:\users\matthew\desktop\it366\gummyships2\gummyships2\link.command.1.tlog
c:\users\matthew\desktop\it366\gummyships2\gummyships2\link.read.1.tlog
c:\users\matthew\desktop\it366\gummyships2\gummyships2\link.write.1.tlog
c:\users\matthew\desktop\it366\gummyships2\gummyships2\mt.command.1.tlog
c:\users\matthew\desktop\it366\gummyships2\gummyships2\mt.read.1.tlog
c:\users\matthew\desktop\it366\gummyships2\gummyships2\mt.write.1.tlog
c:\users\matthew\desktop\it366\gummyships2\gummyships2\vc100.idb
c:\users\matthew\desktop\it366\gummyships2\\gummyships2.pdb
c:\users\matthew\desktop\it366\gummyships2\\gummyships2.exe
c:\users\matthew\desktop\it366\gummyships2\\gummyships2.ilk
