Build started 12/17/2015 10:48:34 PM.
     1>Project "C:\Users\Matthew\Desktop\IT366\GummyShips2\GummyShips2\GummyShips2.vcxproj" on node 2 (Build target(s)).
     1>Link:
         C:\Program Files (x86)\Microsoft Visual Studio 10.0\VC\bin\link.exe /ERRORREPORT:PROMPT /OUT:"C:\Users\Matthew\Desktop\IT366\GummyShips2\\GummyShips2.exe" /NOLOGO SDL2.lib SDL2main.lib opengl32.lib SDL2_image.lib SDL2_mixer.lib glew32s.lib glew32.lib glu32.lib kernel32.lib user32.lib gdi32.lib winspool.lib comdlg32.lib advapi32.lib shell32.lib ole32.lib oleaut32.lib uuid.lib odbc32.lib odbccp32.lib /MANIFEST /ManifestFile:"C:\Users\Matthew\Desktop\IT366\GummyShips2\GummyShips2\\GummyShips2.exe.intermediate.manifest" /MANIFESTUAC:"level='asInvoker' uiAccess='false'" /DEBUG /PDB:"C:\Users\Matthew\Desktop\IT366\GummyShips2\GummyShips2.pdb" /SUBSYSTEM:CONSOLE /TLBID:1 /DYNAMICBASE /NXCOMPAT /IMPLIB:"C:\Users\Matthew\Desktop\IT366\GummyShips2\\GummyShips2.lib" /MACHINE:X86 C:\Users\Matthew\Desktop\IT366\GummyShips2\GummyShips2\\audio.obj
         C:\Users\Matthew\Desktop\IT366\GummyShips2\GummyShips2\\body.obj
         C:\Users\Matthew\Desktop\IT366\GummyShips2\GummyShips2\\collisions.obj
         C:\Users\Matthew\Desktop\IT366\GummyShips2\GummyShips2\\entity.obj
         C:\Users\Matthew\Desktop\IT366\GummyShips2\GummyShips2\\gametest3d.obj
         C:\Users\Matthew\Desktop\IT366\GummyShips2\GummyShips2\\graphics3d.obj
         C:\Users\Matthew\Desktop\IT366\GummyShips2\GummyShips2\\level.obj
         C:\Users\Matthew\Desktop\IT366\GummyShips2\GummyShips2\\mgl_callback.obj
         C:\Users\Matthew\Desktop\IT366\GummyShips2\GummyShips2\\model.obj
         C:\Users\Matthew\Desktop\IT366\GummyShips2\GummyShips2\\obj.obj
         C:\Users\Matthew\Desktop\IT366\GummyShips2\GummyShips2\\shader.obj
         C:\Users\Matthew\Desktop\IT366\GummyShips2\GummyShips2\\simple_logger.obj
         C:\Users\Matthew\Desktop\IT366\GummyShips2\GummyShips2\\sprite.obj
         C:\Users\Matthew\Desktop\IT366\GummyShips2\GummyShips2\\text.obj
         C:\Users\Matthew\Desktop\IT366\GummyShips2\GummyShips2\\vector.obj
     1>MSVCRTD.lib(cinitexe.obj) : warning LNK4098: defaultlib 'msvcrt.lib' conflicts with use of other libs; use /NODEFAULTLIB:library
         GummyShips2.vcxproj -> C:\Users\Matthew\Desktop\IT366\GummyShips2\\GummyShips2.exe
       Manifest:
         C:\Program Files (x86)\Microsoft SDKs\Windows\v7.0A\bin\mt.exe /nologo /verbose /outputresource:"C:\Users\Matthew\Desktop\IT366\GummyShips2\\GummyShips2.exe;#1" /manifest C:\Users\Matthew\Desktop\IT366\GummyShips2\GummyShips2\\GummyShips2.exe.intermediate.manifest
     1>Done Building Project "C:\Users\Matthew\Desktop\IT366\GummyShips2\GummyShips2\GummyShips2.vcxproj" (Build target(s)).

Build succeeded.

Time Elapsed 00:00:00.27
