Build started 10/25/2015 2:52:45 AM.
     1>Project "C:\Users\Matthew\Desktop\IT366\GummyShips2\GummyShips2\GummyShips2.vcxproj" on node 2 (build target(s)).
     1>InitializeBuildStatus:
         Touching "Debug\GummyShips2.unsuccessfulbuild".
       ClCompile:
         C:\Program Files (x86)\Microsoft Visual Studio 10.0\VC\bin\CL.exe /c /ZI /nologo /W3 /WX- /Od /Oy- /D _MBCS /Gm /EHsc /RTC1 /MDd /GS /fp:precise /Zc:wchar_t /Zc:forScope /Fo"Debug\\" /Fd"Debug\vc100.pdb" /Gd /TC /analyze- /errorReport:prompt ..\src\entity.c
         entity.c
     1>c:\users\matthew\desktop\it366\gummyships2\src\entity.c(34): warning C4113: 'void (__cdecl *)()' differs in parameter lists from 'void (__cdecl *)(void)'
     1>c:\users\matthew\desktop\it366\gummyships2\src\entity.c(131): warning C4029: declared formal parameter list different from definition
     1>c:\users\matthew\desktop\it366\gummyships2\src\entity.c(134): warning C4033: 'newPlayer' must return a value
     1>c:\users\matthew\desktop\it366\gummyships2\src\entity.c(143): error C2231: '.body' : left operand points to 'struct', use '->'
     1>c:\users\matthew\desktop\it366\gummyships2\src\entity.c(149): warning C4033: 'newPower' must return a value
     1>c:\users\matthew\desktop\it366\gummyships2\src\entity.c(158): error C2231: '.body' : left operand points to 'struct', use '->'
     1>c:\users\matthew\desktop\it366\gummyships2\src\entity.c(166): warning C4033: 'newWall' must return a value
     1>c:\users\matthew\desktop\it366\gummyships2\src\entity.c(175): error C2231: '.body' : left operand points to 'struct', use '->'
     1>c:\users\matthew\desktop\it366\gummyships2\src\entity.c(181): warning C4033: 'newBullet' must return a value
     1>c:\users\matthew\desktop\it366\gummyships2\src\entity.c(189): error C2231: '.body' : left operand points to 'struct', use '->'
     1>c:\users\matthew\desktop\it366\gummyships2\src\entity.c(195): warning C4033: 'newship' must return a value
     1>c:\users\matthew\desktop\it366\gummyships2\src\entity.c(203): error C2231: '.body' : left operand points to 'struct', use '->'
     1>c:\users\matthew\desktop\it366\gummyships2\src\entity.c(233): error C2198: 'entity_free' : too few arguments for call
     1>c:\users\matthew\desktop\it366\gummyships2\src\entity.c(265): error C2059: syntax error : 'default'
     1>Done Building Project "C:\Users\Matthew\Desktop\IT366\GummyShips2\GummyShips2\GummyShips2.vcxproj" (build target(s)) -- FAILED.

Build FAILED.

Time Elapsed 00:00:00.28
